c:\users\hp\desktop\seba gihub\tp_2017\project4\debug\vc140.pdb
c:\users\hp\desktop\seba gihub\tp_2017\project4\debug\.netframework,version=v4.5.2.assemblyattributes.obj
c:\users\hp\desktop\seba gihub\tp_2017\project4\debug\.netframework,version=v4.5.2.assemblyattributes.asm
c:\users\hp\desktop\seba gihub\tp_2017\project4\debug\myform.obj
c:\users\hp\desktop\seba gihub\tp_2017\project4\debug\project4.exe
c:\users\hp\desktop\seba gihub\tp_2017\project4\debug\project4.pdb
c:\users\hp\desktop\seba gihub\tp_2017\project4\debug\project4.myform.resources
c:\users\hp\desktop\seba gihub\tp_2017\project4\debug\project4.vcxproj.generateresource.cache
c:\users\hp\desktop\seba gihub\tp_2017\project4\debug\project4.vcxprojresolveassemblyreference.cache
c:\users\hp\desktop\seba gihub\tp_2017\project4\debug\project4.exe.metagen
c:\users\hp\desktop\seba gihub\tp_2017\project4\debug\project4.tlog\cl.command.1.tlog
c:\users\hp\desktop\seba gihub\tp_2017\project4\debug\project4.tlog\cl.read.1.tlog
c:\users\hp\desktop\seba gihub\tp_2017\project4\debug\project4.tlog\cl.write.1.tlog
c:\users\hp\desktop\seba gihub\tp_2017\project4\debug\project4.tlog\link.command.1.tlog
c:\users\hp\desktop\seba gihub\tp_2017\project4\debug\project4.tlog\link.read.1.tlog
c:\users\hp\desktop\seba gihub\tp_2017\project4\debug\project4.tlog\link.write.1.tlog
c:\users\hp\desktop\seba gihub\tp_2017\project4\debug\project4.tlog\metagen.read.1.tlog
c:\users\hp\desktop\seba gihub\tp_2017\project4\debug\project4.tlog\metagen.write.1.tlog
c:\users\hp\desktop\seba gihub\tp_2017\project4\debug\project4.tlog\project4.write.1u.tlog
c:\users\hp\desktop\seba gihub\tp_2017\project4\debug\project4.tlog\tzres.dll.bi
